Nov-05 02:27:09.394 [main] DEBUG nextflow.cli.Launcher - $> nextflow ./phylogenyPipeline.nfl
Nov-05 02:27:09.529 [main] INFO  nextflow.cli.CmdRun - N E X T F L O W  ~  version 19.10.0
Nov-05 02:27:09.540 [main] INFO  nextflow.cli.CmdRun - Launching `./phylogenyPipeline.nfl` [nice_austin] - revision: ebc56c344f
Nov-05 02:27:09.630 [main] DEBUG nextflow.extension.OperatorEx - Dataflow extension methods: branch,buffer,chain,choice,collate,collect,collectFile,combine,concat,count,countBy,countFasta,countFastq,countLines,countText,cross,distinct,filter,first,flatMap,flatten,fork,groupBy,groupTuple,ifEmpty,into,join,last,map,max,mean,merge,min,mix,phase,print,println,randomSample,reduce,separate,set,splitCsv,splitFasta,splitFastq,splitText,spread,subscribe,sum,take,tap,toDouble,toFloat,toInteger,toList,toLong,toSortedList,transpose,unique,until,view
Nov-05 02:27:09.637 [main] DEBUG nextflow.Session - Session uuid: cde9c988-acbd-44f0-9056-2bea86cac0f2
Nov-05 02:27:09.638 [main] DEBUG nextflow.Session - Run name: nice_austin
Nov-05 02:27:09.639 [main] DEBUG nextflow.Session - Executor pool size: 72
Nov-05 02:27:09.651 [main] DEBUG nextflow.cli.CmdRun - 
  Version: 19.10.0 build 5170
  Created: 21-10-2019 15:07 UTC 
  System: Linux 4.4.0-145-generic
  Runtime: Groovy 2.5.8 on Java HotSpot(TM) 64-Bit Server VM 1.8.0_201-b09
  Encoding: UTF-8 (ANSI_X3.4-1968)
  Process: 56663@76e59e0dd910.lab7.arriam.ru [172.21.0.2]
  CPUs: 72 - Mem: 1007.8 GB (6.4 GB) - Swap: 6.4 GB (17.1 MB)
Nov-05 02:27:09.713 [main] DEBUG nextflow.Session - Work-dir: /home/yura/compgenomics_assignment/scripts/work [ext2/ext3]
Nov-05 02:27:09.714 [main] DEBUG nextflow.Session - Script base path does not exist or is not a directory: /home/yura/compgenomics_assignment/scripts/bin
Nov-05 02:27:09.733 [main] DEBUG nextflow.Session - Observer factory: TowerFactory
Nov-05 02:27:09.735 [main] DEBUG nextflow.Session - Observer factory: DefaultObserverFactory
Nov-05 02:27:09.906 [main] DEBUG nextflow.Session - Session start invoked
Nov-05 02:27:10.726 [main] DEBUG nextflow.script.ScriptRunner - > Launching execution
Nov-05 02:27:10.837 [main] DEBUG nextflow.executor.ExecutorFactory - << taskConfig executor: null
Nov-05 02:27:10.837 [main] DEBUG nextflow.executor.ExecutorFactory - >> processorType: 'local'
Nov-05 02:27:10.842 [main] DEBUG nextflow.executor.Executor - [warm up] executor > local
Nov-05 02:27:10.849 [main] DEBUG n.processor.LocalPollingMonitor - Creating local task monitor for executor 'local' > cpus=72; memory=1007.8 GB; capacity=72; pollInterval=100ms; dumpInterval=5m
Nov-05 02:27:10.975 [main] DEBUG nextflow.processor.TaskProcessor - Creating operator > SanityCheck -- maxForks: 72
Nov-05 02:27:11.068 [main] DEBUG nextflow.executor.ExecutorFactory - << taskConfig executor: null
Nov-05 02:27:11.068 [main] DEBUG nextflow.executor.ExecutorFactory - >> processorType: 'local'
Nov-05 02:27:11.069 [main] DEBUG nextflow.processor.TaskProcessor - Creating operator > selectModels -- maxForks: 72
Nov-05 02:27:11.073 [main] DEBUG nextflow.script.BaseScript - No entry workflow defined
Nov-05 02:27:11.074 [main] DEBUG nextflow.script.ScriptRunner - > Await termination 
Nov-05 02:27:11.074 [main] DEBUG nextflow.Session - Session await
Nov-05 02:27:11.278 [Task submitter] DEBUG nextflow.executor.LocalTaskHandler - Launch cmd line: /bin/bash -ue .command.run
Nov-05 02:27:11.285 [Task submitter] INFO  nextflow.Session - [9d/e93133] Submitted process > selectModels
Nov-05 02:27:11.294 [Task submitter] DEBUG nextflow.executor.LocalTaskHandler - Launch cmd line: /bin/bash -ue .command.run
Nov-05 02:27:11.296 [Task submitter] INFO  nextflow.Session - [5a/441b7f] Submitted process > SanityCheck
Nov-05 02:27:11.328 [Task monitor] DEBUG n.processor.TaskPollingMonitor - Task completed > TaskHandler[id: 2; name: selectModels; status: COMPLETED; exit: 0; error: -; workDir: /home/yura/compgenomics_assignment/scripts/work/9d/e93133b0a7ac3112d66647206d32f9]
Nov-05 02:27:11.343 [Task monitor] DEBUG n.processor.TaskPollingMonitor - Task completed > TaskHandler[id: 1; name: SanityCheck; status: COMPLETED; exit: 0; error: -; workDir: /home/yura/compgenomics_assignment/scripts/work/5a/441b7f88bd2d1adbdaa01cba8a28ea]
Nov-05 02:27:11.345 [main] DEBUG nextflow.Session - Session await > all process finished
Nov-05 02:27:11.346 [main] DEBUG nextflow.Session - Session await > all barriers passed
Nov-05 02:27:11.360 [main] DEBUG nextflow.trace.StatsObserver - Workflow completed > WorkflowStats[succeedCount=2; failedCount=0; ignoredCount=0; cachedCount=0; succeedDuration=7ms; failedDuration=0ms; cachedDuration=0ms]
Nov-05 02:27:11.557 [main] DEBUG nextflow.CacheDB - Closing CacheDB done
Nov-05 02:27:11.578 [main] DEBUG nextflow.script.ScriptRunner - > Execution complete -- Goodbye
